<?xml version="1.0" encoding="UTF-8"?>
<!-- Generated by org.testng.reporters.JUnitXMLReporter -->
<testsuite ignored="0" hostname="DESKTOP-NKQ2RHF" failures="0" tests="3" name="Submit Order" time="22.906" errors="0" timestamp="2024-05-30T22:23:10 IST">
  <testcase classname="Selenium.tests.SubmitOrderTest" name="SubmitOrderTest" time="5.139"/>
  <testcase classname="Selenium.tests.SubmitOrderTest" name="SubmitOrderTest" time="3.434"/>
  <testcase classname="Selenium.tests.SubmitOrderTest" name="OrderHistoryTest" time="1.096"/>
</testsuite> <!-- Submit Order -->
