<?xml version="1.0" encoding="UTF-8"?>
<testng-results ignored="0" total="5" passed="5" failed="0" skipped="0">
  <reporter-output>
  </reporter-output>
  <suite started-at="2024-05-30T22:22:47 IST" name="Suite" finished-at="2024-05-30T22:23:10 IST" duration-ms="22906">
    <groups>
      <group name="ErrorHandling">
        <method signature="ErrorValidations.LoginEroorValidation()[pri:0, instance:Selenium.tests.ErrorValidations@69ee81fc]" name="LoginEroorValidation" class="Selenium.tests.ErrorValidations"/>
      </group> <!-- ErrorHandling -->
      <group name="purchaseOrder">
        <method signature="SubmitOrderTest.SubmitOrderTest(java.util.HashMap)[pri:0, instance:Selenium.tests.SubmitOrderTest@72c8e7b]" name="SubmitOrderTest" class="Selenium.tests.SubmitOrderTest"/>
      </group> <!-- purchaseOrder -->
    </groups>
    <test started-at="2024-05-30T22:22:47 IST" name="Error Validation" finished-at="2024-05-30T22:23:01 IST" duration-ms="14002">
      <class name="Selenium.tests.ErrorValidations">
        <test-method is-config="true" signature="launchApplication()[pri:0, instance:Selenium.tests.ErrorValidations@69ee81fc]" started-at="2024-05-30T22:22:47 IST" name="launchApplication" finished-at="2024-05-30T22:22:52 IST" duration-ms="5212" status="PASS">
          <reporter-output>
          </reporter-output>
        </test-method> <!-- launchApplication -->
        <test-method signature="LoginEroorValidation()[pri:0, instance:Selenium.tests.ErrorValidations@69ee81fc]" started-at="2024-05-30T22:22:52 IST" name="LoginEroorValidation" finished-at="2024-05-30T22:22:53 IST" duration-ms="1181" status="PASS">
          <reporter-output>
          </reporter-output>
        </test-method> <!-- LoginEroorValidation -->
        <test-method is-config="true" signature="tearDown()[pri:0, instance:Selenium.tests.ErrorValidations@69ee81fc]" started-at="2024-05-30T22:22:53 IST" name="tearDown" finished-at="2024-05-30T22:22:54 IST" duration-ms="599" status="PASS">
          <reporter-output>
          </reporter-output>
        </test-method> <!-- tearDown -->
        <test-method is-config="true" signature="launchApplication()[pri:0, instance:Selenium.tests.ErrorValidations@69ee81fc]" started-at="2024-05-30T22:22:54 IST" name="launchApplication" finished-at="2024-05-30T22:22:56 IST" duration-ms="2309" status="PASS">
          <reporter-output>
          </reporter-output>
        </test-method> <!-- launchApplication -->
        <test-method signature="productErrorValidation()[pri:0, instance:Selenium.tests.ErrorValidations@69ee81fc]" started-at="2024-05-30T22:22:56 IST" name="productErrorValidation" finished-at="2024-05-30T22:23:00 IST" duration-ms="3816" status="PASS">
          <reporter-output>
          </reporter-output>
        </test-method> <!-- productErrorValidation -->
        <test-method is-config="true" signature="tearDown()[pri:0, instance:Selenium.tests.ErrorValidations@69ee81fc]" started-at="2024-05-30T22:23:00 IST" name="tearDown" finished-at="2024-05-30T22:23:01 IST" duration-ms="775" status="PASS">
          <reporter-output>
          </reporter-output>
        </test-method> <!-- tearDown -->
      </class> <!-- Selenium.tests.ErrorValidations -->
    </test> <!-- Error Validation -->
    <test started-at="2024-05-30T22:22:47 IST" name="Submit Order" finished-at="2024-05-30T22:23:10 IST" duration-ms="22906">
      <class name="Selenium.tests.SubmitOrderTest">
        <test-method is-config="true" signature="launchApplication()[pri:0, instance:Selenium.tests.SubmitOrderTest@72c8e7b]" started-at="2024-05-30T22:22:47 IST" name="launchApplication" finished-at="2024-05-30T22:22:52 IST" duration-ms="5071" status="PASS">
          <reporter-output>
          </reporter-output>
        </test-method> <!-- launchApplication -->
        <test-method signature="SubmitOrderTest(java.util.HashMap)[pri:0, instance:Selenium.tests.SubmitOrderTest@72c8e7b]" started-at="2024-05-30T22:22:52 IST" name="SubmitOrderTest" data-provider="getData" finished-at="2024-05-30T22:22:58 IST" duration-ms="5139" status="PASS">
          <params>
            <param index="0">
              <value>
                <![CDATA[{password=SeleniumAutomation1, product=ZARA COAT 3, email=seleniumA@gmail.com}]]>
              </value>
            </param>
          </params>
          <reporter-output>
          </reporter-output>
        </test-method> <!-- SubmitOrderTest -->
        <test-method is-config="true" signature="tearDown()[pri:0, instance:Selenium.tests.SubmitOrderTest@72c8e7b]" started-at="2024-05-30T22:22:58 IST" name="tearDown" finished-at="2024-05-30T22:22:58 IST" duration-ms="441" status="PASS">
          <reporter-output>
          </reporter-output>
        </test-method> <!-- tearDown -->
        <test-method is-config="true" signature="launchApplication()[pri:0, instance:Selenium.tests.SubmitOrderTest@72c8e7b]" started-at="2024-05-30T22:22:58 IST" name="launchApplication" finished-at="2024-05-30T22:23:02 IST" duration-ms="4061" status="PASS">
          <reporter-output>
          </reporter-output>
        </test-method> <!-- launchApplication -->
        <test-method signature="SubmitOrderTest(java.util.HashMap)[pri:0, instance:Selenium.tests.SubmitOrderTest@72c8e7b]" started-at="2024-05-30T22:23:02 IST" name="SubmitOrderTest" data-provider="getData" finished-at="2024-05-30T22:23:06 IST" duration-ms="3434" status="PASS">
          <params>
            <param index="0">
              <value>
                <![CDATA[{password=Selselsel1!, product=ADIDAS ORIGINAL, email=sellly@gmail.com}]]>
              </value>
            </param>
          </params>
          <reporter-output>
          </reporter-output>
        </test-method> <!-- SubmitOrderTest -->
        <test-method is-config="true" signature="tearDown()[pri:0, instance:Selenium.tests.SubmitOrderTest@72c8e7b]" started-at="2024-05-30T22:23:06 IST" name="tearDown" finished-at="2024-05-30T22:23:06 IST" duration-ms="309" status="PASS">
          <reporter-output>
          </reporter-output>
        </test-method> <!-- tearDown -->
        <test-method is-config="true" signature="launchApplication()[pri:0, instance:Selenium.tests.SubmitOrderTest@72c8e7b]" started-at="2024-05-30T22:23:06 IST" name="launchApplication" finished-at="2024-05-30T22:23:08 IST" duration-ms="2624" status="PASS">
          <reporter-output>
          </reporter-output>
        </test-method> <!-- launchApplication -->
        <test-method signature="OrderHistoryTest()[pri:0, instance:Selenium.tests.SubmitOrderTest@72c8e7b]" started-at="2024-05-30T22:23:08 IST" name="OrderHistoryTest" finished-at="2024-05-30T22:23:10 IST" depends-on-methods="Selenium.tests.SubmitOrderTest.SubmitOrderTest" duration-ms="1096" status="PASS">
          <reporter-output>
          </reporter-output>
        </test-method> <!-- OrderHistoryTest -->
        <test-method is-config="true" signature="tearDown()[pri:0, instance:Selenium.tests.SubmitOrderTest@72c8e7b]" started-at="2024-05-30T22:23:10 IST" name="tearDown" finished-at="2024-05-30T22:23:10 IST" duration-ms="297" status="PASS">
          <reporter-output>
          </reporter-output>
        </test-method> <!-- tearDown -->
      </class> <!-- Selenium.tests.SubmitOrderTest -->
    </test> <!-- Submit Order -->
  </suite> <!-- Suite -->
</testng-results>
